<?xml version="1.0" encoding="UTF-8"?>
<testng-results ignored="0" total="1" passed="1" failed="0" skipped="0">
  <reporter-output>
  </reporter-output>
  <suite started-at="2022-01-25T16:11:11 IST" name="Default suite" finished-at="2022-01-25T16:11:16 IST" duration-ms="4858">
    <groups>
    </groups>
    <test started-at="2022-01-25T16:11:11 IST" name="Default test" finished-at="2022-01-25T16:11:16 IST" duration-ms="4858">
      <class name="TestSuite.LoginPageTC">
        <test-method is-config="true" signature="launchBrowser()[pri:0, instance:TestSuite.LoginPageTC@2c1b194a]" started-at="2022-01-25T16:11:06 IST" name="launchBrowser" finished-at="2022-01-25T16:11:11 IST" duration-ms="5002" status="PASS">
          <reporter-output>
          </reporter-output>
        </test-method> <!-- launchBrowser -->
        <test-method signature="loginTest()[pri:0, instance:TestSuite.LoginPageTC@2c1b194a]" started-at="2022-01-25T16:11:11 IST" name="loginTest" finished-at="2022-01-25T16:11:15 IST" duration-ms="4277" status="PASS">
          <reporter-output>
          </reporter-output>
        </test-method> <!-- loginTest -->
        <test-method is-config="true" signature="tearDown()[pri:0, instance:TestSuite.LoginPageTC@2c1b194a]" started-at="2022-01-25T16:11:15 IST" name="tearDown" finished-at="2022-01-25T16:11:16 IST" duration-ms="512" status="PASS">
          <reporter-output>
          </reporter-output>
        </test-method> <!-- tearDown -->
      </class> <!-- TestSuite.LoginPageTC -->
    </test> <!-- Default test -->
  </suite> <!-- Default suite -->
</testng-results>
