<?xml version="1.0" encoding="UTF-8"?>
<testng-results ignored="0" total="1" passed="1" failed="0" skipped="0">
  <reporter-output>
  </reporter-output>
  <suite started-at="2022-01-29T18:14:13 IST" name="Default suite" finished-at="2022-01-29T18:15:35 IST" duration-ms="82189">
    <groups>
    </groups>
    <test started-at="2022-01-29T18:14:13 IST" name="Default test" finished-at="2022-01-29T18:15:35 IST" duration-ms="82189">
      <class name="TestSuite.HomePageTC">
        <test-method is-config="true" signature="launchBrowser()[pri:0, instance:TestSuite.HomePageTC@47faa49c]" started-at="2022-01-29T18:14:13 IST" name="launchBrowser" finished-at="2022-01-29T18:15:05 IST" duration-ms="51688" status="PASS">
          <reporter-output>
          </reporter-output>
        </test-method> <!-- launchBrowser -->
        <test-method signature="menu()[pri:0, instance:TestSuite.HomePageTC@47faa49c]" started-at="2022-01-29T18:15:05 IST" name="menu" finished-at="2022-01-29T18:15:22 IST" duration-ms="16962" status="PASS">
          <reporter-output>
          </reporter-output>
        </test-method> <!-- menu -->
        <test-method is-config="true" signature="tearDown()[pri:0, instance:TestSuite.HomePageTC@47faa49c]" started-at="2022-01-29T18:15:22 IST" name="tearDown" finished-at="2022-01-29T18:15:35 IST" duration-ms="13505" status="PASS">
          <reporter-output>
          </reporter-output>
        </test-method> <!-- tearDown -->
      </class> <!-- TestSuite.HomePageTC -->
    </test> <!-- Default test -->
  </suite> <!-- Default suite -->
</testng-results>
